node:internal/modules/cjs/loader:1215
  throw err;
  ^

Error: Cannot find module './index.ts'
Require stack:
- /Users/3i-a1-2021-017/Documents/itms-desktop/src/main/imaginaryUncacheableRequireResolveScript
    at Module._resolveFilename (node:internal/modules/cjs/loader:1212:15)
    at Function.resolve (node:internal/modules/helpers:193:19)
    at requireResolveNonCached (/Users/3i-a1-2021-017/.npm/_npx/1bf7c3c15bf47d04/node_modules/ts-node/dist/bin.js:549:16)
    at getProjectSearchDir (/Users/3i-a1-2021-017/.npm/_npx/1bf7c3c15bf47d04/node_modules/ts-node/dist/bin.js:519:40)
    at phase3 (/Users/3i-a1-2021-017/.npm/_npx/1bf7c3c15bf47d04/node_modules/ts-node/dist/bin.js:267:27)
    at bootstrap (/Users/3i-a1-2021-017/.npm/_npx/1bf7c3c15bf47d04/node_modules/ts-node/dist/bin.js:47:30)
    at main (/Users/3i-a1-2021-017/.npm/_npx/1bf7c3c15bf47d04/node_modules/ts-node/dist/bin.js:33:12)
    at Object.<anonymous> (/Users/3i-a1-2021-017/.npm/_npx/1bf7c3c15bf47d04/node_modules/ts-node/dist/bin.js:579:5)
    at Module._compile (node:internal/modules/cjs/loader:1529:14)
    at Module._extensions..js (node:internal/modules/cjs/loader:1613:10) {
  code: 'MODULE_NOT_FOUND',
  requireStack: [
    '/Users/3i-a1-2021-017/Documents/itms-desktop/src/main/imaginaryUncacheableRequireResolveScript'
  ]
}

Node.js v20.19.4
