Starting up http-server, serving dist/renderer/app

http-server version: 14.1.1

http-server settings: 
CORS: disabled
Cache: -1 seconds
Connection Timeout: 120 seconds
Directory Listings: visible
AutoIndex: visible
Serve GZIP Files: false
Serve Brotli Files: false
Default File Extension: none

Available on:
  http://127.0.0.1:4000
  http://10.1.1.163:4000
Hit CTRL-C to stop the server

[Tue Aug 12 2025 15:29:30 GMT+0900 (대한민국 표준시)]  "GET /" "curl/8.7.1"
(node:81082) [DEP0066] DeprecationWarning: OutgoingMessage.prototype._headers is deprecated
(Use `node --trace-deprecation ...` to show where the warning was created)
[Tue Aug 12 2025 15:29:30 GMT+0900 (대한민국 표준시)]  "GET /" Error (404): "Not found"
[Tue Aug 12 2025 15:34:38 GMT+0900 (대한민국 표준시)]  "GET /" "curl/8.7.1"
[Tue Aug 12 2025 15:34:38 GMT+0900 (대한민국 표준시)]  "GET /" Error (404): "Not found"
http-server stopped.
